<?xml version="1.0" encoding="UTF-8"?>
<!-- Generated by org.testng.reporters.JUnitXMLReporter -->
<testsuite hostname="DESKTOP-DL8SJEG" ignored="0" name="01_TestBase" tests="1" failures="1" timestamp="30 Oct 2020 07:14:15 GMT" time="0.511" errors="0">
  <testcase name="NavigatetoURL" time="0.23" classname="testClassCreatePaylink.baseClass">
    <failure type="java.lang.AssertionError" message="C:\Users\User\workspace\1stPayVPOS\src\main\java\Paylink_Pages\data.properties (The system cannot find the path specified)">
      <![CDATA[java.lang.AssertionError: C:\Users\User\workspace\1stPayVPOS\src\main\java\Paylink_Pages\data.properties (The system cannot find the path specified)
at testClassCreatePaylink.baseClass.unReadPropertiesFile(baseClass.java:64)
at testClassCreatePaylink.baseClass.NavigatetoURL(baseClass.java:31)
... Removed 26 stack frames]]>
    </failure>
  </testcase> <!-- NavigatetoURL -->
</testsuite> <!-- 01_TestBase -->
