<?xml version="1.0" encoding="UTF-8"?>
<testng-results skipped="0" failed="1" total="4" passed="3">
  <reporter-output>
  </reporter-output>
  <suite name="VPOS_PayLink" duration-ms="138733" started-at="2020-12-30T13:41:39Z" finished-at="2020-12-30T13:43:57Z">
    <groups>
    </groups>
    <test name="01_TestBase" duration-ms="58286" started-at="2020-12-30T13:41:39Z" finished-at="2020-12-30T13:42:37Z">
      <class name="VPOS_PayLink.TestBase">
        <test-method status="PASS" signature="NavigatetoURL()[pri:0, instance:VPOS_PayLink.TestBase@58c1c010]" name="NavigatetoURL" duration-ms="57438" started-at="2020-12-30T19:11:39Z" finished-at="2020-12-30T19:12:36Z">
          <reporter-output>
          </reporter-output>
        </test-method> <!-- NavigatetoURL -->
      </class> <!-- VPOS_PayLink.TestBase -->
    </test> <!-- 01_TestBase -->
    <test name="07_eCOM_SALE_TC1" duration-ms="80365" started-at="2020-12-30T13:42:37Z" finished-at="2020-12-30T13:43:57Z">
      <class name="VPOS_eCOM_MODULE_TC.eCOM_SALE_TC1">
        <test-method status="PASS" signature="NavigatetoURL()[pri:0, instance:VPOS_eCOM_MODULE_TC.eCOM_SALE_TC1@2357d90a]" name="NavigatetoURL" is-config="true" duration-ms="6240" started-at="2020-12-30T19:12:37Z" finished-at="2020-12-30T19:12:43Z">
          <reporter-output>
          </reporter-output>
        </test-method> <!-- NavigatetoURL -->
        <test-method status="PASS" signature="fnLogin()[pri:1, instance:VPOS_eCOM_MODULE_TC.eCOM_SALE_TC1@2357d90a]" name="fnLogin" duration-ms="3540" started-at="2020-12-30T19:12:43Z" finished-at="2020-12-30T19:12:47Z">
          <reporter-output>
          </reporter-output>
        </test-method> <!-- fnLogin -->
        <test-method status="PASS" signature="fn1stVPOS()[pri:2, instance:VPOS_eCOM_MODULE_TC.eCOM_SALE_TC1@2357d90a]" name="fn1stVPOS" duration-ms="28857" started-at="2020-12-30T19:12:47Z" finished-at="2020-12-30T19:13:16Z">
          <reporter-output>
          </reporter-output>
        </test-method> <!-- fn1stVPOS -->
        <test-method status="FAIL" signature="fnmakesaleRec()[pri:5, instance:VPOS_eCOM_MODULE_TC.eCOM_SALE_TC1@2357d90a]" name="fnmakesaleRec" duration-ms="41571" started-at="2020-12-30T19:13:16Z" finished-at="2020-12-30T19:13:57Z">
          <exception class="java.lang.AssertionError">
            <message>
              <![CDATA[element not interactable
  (Session info: chrome=87.0.4280.88)
Build info: version: '3.141.59', revision: 'e82be7d358', time: '2018-11-14T08:17:03'
System info: host: 'KNILA-K20201100', ip: '172.31.253.237', os.name: 'Windows 10', os.arch: 'amd64', os.version: '10.0', java.version: '1.8.0_271'
Driver info: org.openqa.selenium.chrome.ChromeDriver
Capabilities {acceptInsecureCerts: false, browserName: chrome, browserVersion: 87.0.4280.88, chrome: {chromedriverVersion: 86.0.4240.22 (398b0743353ff..., userDataDir: C:\Users\jothi\AppData\Loca...}, goog:chromeOptions: {debuggerAddress: localhost:55488}, javascriptEnabled: true, networkConnectionEnabled: false, pageLoadStrategy: normal, platform: WINDOWS, platformName: WINDOWS, proxy: Proxy(), setWindowRect: true, strictFileInteractability: false, timeouts: {implicit: 0, pageLoad: 300000, script: 30000}, unhandledPromptBehavior: dismiss and notify, webauthn:virtualAuthenticators: true}
Session ID: f26a0f86c901b3fe3c323b7b868674a5]]>
            </message>
            <full-stacktrace>
              <![CDATA[java.lang.AssertionError: element not interactable
  (Session info: chrome=87.0.4280.88)
Build info: version: '3.141.59', revision: 'e82be7d358', time: '2018-11-14T08:17:03'
System info: host: 'KNILA-K20201100', ip: '172.31.253.237', os.name: 'Windows 10', os.arch: 'amd64', os.version: '10.0', java.version: '1.8.0_271'
Driver info: org.openqa.selenium.chrome.ChromeDriver
Capabilities {acceptInsecureCerts: false, browserName: chrome, browserVersion: 87.0.4280.88, chrome: {chromedriverVersion: 86.0.4240.22 (398b0743353ff..., userDataDir: C:\Users\jothi\AppData\Loca...}, goog:chromeOptions: {debuggerAddress: localhost:55488}, javascriptEnabled: true, networkConnectionEnabled: false, pageLoadStrategy: normal, platform: WINDOWS, platformName: WINDOWS, proxy: Proxy(), setWindowRect: true, strictFileInteractability: false, timeouts: {implicit: 0, pageLoad: 300000, script: 30000}, unhandledPromptBehavior: dismiss and notify, webauthn:virtualAuthenticators: true}
Session ID: f26a0f86c901b3fe3c323b7b868674a5
	at org.testng.Assert.fail(Assert.java:94)
	at VPOS_eCOM_MODULE_TC.eCOM_SALE_TC1.fnmakesaleRec(eCOM_SALE_TC1.java:532)
	at sun.reflect.NativeMethodAccessorImpl.invoke0(Native Method)
	at sun.reflect.NativeMethodAccessorImpl.invoke(Unknown Source)
	at sun.reflect.DelegatingMethodAccessorImpl.invoke(Unknown Source)
	at java.lang.reflect.Method.invoke(Unknown Source)
	at org.testng.internal.MethodInvocationHelper.invokeMethod(MethodInvocationHelper.java:86)
	at org.testng.internal.Invoker.invokeMethod(Invoker.java:645)
	at org.testng.internal.Invoker.invokeTestMethod(Invoker.java:822)
	at org.testng.internal.Invoker.invokeTestMethods(Invoker.java:1130)
	at org.testng.internal.TestMethodWorker.invokeTestMethods(TestMethodWorker.java:129)
	at org.testng.internal.TestMethodWorker.run(TestMethodWorker.java:112)
	at org.testng.TestRunner.privateRun(TestRunner.java:782)
	at org.testng.TestRunner.run(TestRunner.java:632)
	at org.testng.SuiteRunner.runTest(SuiteRunner.java:366)
	at org.testng.SuiteRunner.runSequentially(SuiteRunner.java:361)
	at org.testng.SuiteRunner.privateRun(SuiteRunner.java:319)
	at org.testng.SuiteRunner.run(SuiteRunner.java:268)
	at org.testng.SuiteRunnerWorker.runSuite(SuiteRunnerWorker.java:52)
	at org.testng.SuiteRunnerWorker.run(SuiteRunnerWorker.java:86)
	at org.testng.TestNG.runSuitesSequentially(TestNG.java:1244)
	at org.testng.TestNG.runSuitesLocally(TestNG.java:1169)
	at org.testng.TestNG.run(TestNG.java:1064)
	at org.testng.remote.RemoteTestNG.run(RemoteTestNG.java:113)
	at org.testng.remote.RemoteTestNG.initAndRun(RemoteTestNG.java:206)
	at org.testng.remote.RemoteTestNG.main(RemoteTestNG.java:177)
]]>
            </full-stacktrace>
          </exception> <!-- java.lang.AssertionError -->
          <reporter-output>
          </reporter-output>
        </test-method> <!-- fnmakesaleRec -->
      </class> <!-- VPOS_eCOM_MODULE_TC.eCOM_SALE_TC1 -->
    </test> <!-- 07_eCOM_SALE_TC1 -->
  </suite> <!-- VPOS_PayLink -->
</testng-results>
