<?xml version="1.0" encoding="UTF-8"?>
<!-- Generated by org.testng.reporters.JUnitReportReporter -->
<testsuite skipped="0" hostname="DESKTOP-DL8SJEG" name="testClassCreatePaylink.eCommerceMakePayment" tests="19" failures="1" timestamp="11 Nov 2020 10:12:25 GMT" time="380.501" errors="0">
  <testcase name="fnLogin" time="3.013" classname="testClassCreatePaylink.eCommerceMakePayment"/>
  <testcase name="fn1stVPOS" time="18.379" classname="testClassCreatePaylink.eCommerceMakePayment"/>
  <testcase name="fncreatelink" time="8.228" classname="testClassCreatePaylink.eCommerceMakePayment"/>
  <testcase name="fncopiedlink" time="0.540" classname="testClassCreatePaylink.eCommerceMakePayment"/>
  <testcase name="fnmakepaymentVisa" time="8.408" classname="testClassCreatePaylink.eCommerceMakePayment"/>
  <testcase name="fnDelete" time="55.857" classname="testClassCreatePaylink.eCommerceMakePayment"/>
  <testcase name="fncreatelinkMasterCard" time="10.855" classname="testClassCreatePaylink.eCommerceMakePayment"/>
  <testcase name="fncopiedlinkMasterCard" time="0.340" classname="testClassCreatePaylink.eCommerceMakePayment"/>
  <testcase name="fnmakepaymentMasterCard" time="5.155" classname="testClassCreatePaylink.eCommerceMakePayment"/>
  <testcase name="fnDeleteMasterCard" time="129.490" classname="testClassCreatePaylink.eCommerceMakePayment">
    <failure type="java.lang.AssertionError" message="Expected condition failed: waiting for presence of element located by: By.xpath: //h5[contains(text(),&#039;delete&#039;)] (tried for 100 second(s) with 500 milliseconds interval)">
      <![CDATA[java.lang.AssertionError: Expected condition failed: waiting for presence of element located by: By.xpath: //h5[contains(text(),'delete')] (tried for 100 second(s) with 500 milliseconds interval)
at org.testng.Assert.fail(Assert.java:96)
at testClassCreatePaylink.eCommerceMakePayment.fnDeleteRow(eCommerceMakePayment.java:601)
at testClassCreatePaylink.eCommerceMakePayment.fnDeleteMasterCard(eCommerceMakePayment.java:253)
at sun.reflect.NativeMethodAccessorImpl.invoke0(Native Method)
at sun.reflect.NativeMethodAccessorImpl.invoke(Unknown Source)
at sun.reflect.DelegatingMethodAccessorImpl.invoke(Unknown Source)
at java.lang.reflect.Method.invoke(Unknown Source)
at org.testng.internal.MethodInvocationHelper.invokeMethod(MethodInvocationHelper.java:124)
at org.testng.internal.Invoker.invokeMethod(Invoker.java:583)
at org.testng.internal.Invoker.invokeTestMethod(Invoker.java:719)
at org.testng.internal.Invoker.invokeTestMethods(Invoker.java:989)
at org.testng.internal.TestMethodWorker.invokeTestMethods(TestMethodWorker.java:125)
at org.testng.internal.TestMethodWorker.run(TestMethodWorker.java:109)
at org.testng.TestRunner.privateRun(TestRunner.java:648)
at org.testng.TestRunner.run(TestRunner.java:505)
at org.testng.SuiteRunner.runTest(SuiteRunner.java:455)
at org.testng.SuiteRunner.runSequentially(SuiteRunner.java:450)
at org.testng.SuiteRunner.privateRun(SuiteRunner.java:415)
at org.testng.SuiteRunner.run(SuiteRunner.java:364)
at org.testng.SuiteRunnerWorker.runSuite(SuiteRunnerWorker.java:52)
at org.testng.SuiteRunnerWorker.run(SuiteRunnerWorker.java:84)
at org.testng.TestNG.runSuitesSequentially(TestNG.java:1208)
at org.testng.TestNG.runSuitesLocally(TestNG.java:1137)
at org.testng.TestNG.runSuites(TestNG.java:1049)
at org.testng.TestNG.run(TestNG.java:1017)
at org.testng.remote.AbstractRemoteTestNG.run(AbstractRemoteTestNG.java:132)
at org.testng.remote.RemoteTestNG.initAndRun(RemoteTestNG.java:230)
at org.testng.remote.RemoteTestNG.main(RemoteTestNG.java:76)
]]>
    </failure>
  </testcase> <!-- fnDeleteMasterCard -->
  <testcase name="fncreatelinkAmexCard" time="11.493" classname="testClassCreatePaylink.eCommerceMakePayment"/>
  <testcase name="fncopiedlinkAmexCard" time="0.339" classname="testClassCreatePaylink.eCommerceMakePayment"/>
  <testcase name="fnmakepaymentAmexCard" time="4.855" classname="testClassCreatePaylink.eCommerceMakePayment"/>
  <testcase name="fnDeleteAmexCard" time="56.005" classname="testClassCreatePaylink.eCommerceMakePayment"/>
  <testcase name="fncreatelinkDiscoverCard" time="7.617" classname="testClassCreatePaylink.eCommerceMakePayment"/>
  <testcase name="fncopiedlinkDiscoverCard" time="0.332" classname="testClassCreatePaylink.eCommerceMakePayment"/>
  <testcase name="fnmakepaymentDiscoverCard" time="4.651" classname="testClassCreatePaylink.eCommerceMakePayment"/>
  <testcase name="fnDeleteDiscoverCard" time="53.126" classname="testClassCreatePaylink.eCommerceMakePayment"/>
  <testcase name="fnLogout" time="1.818" classname="testClassCreatePaylink.eCommerceMakePayment"/>
</testsuite> <!-- testClassCreatePaylink.eCommerceMakePayment -->
